# JRE version: Java(TM) SE Runtime Environment (14.0.1+7) (build 14.0.1+7)
# Java VM: Java HotSpot(TM) 64-Bit Server VM (14.0.1+7, mixed mode, sharing, tiered, compressed oops, g1 gc, windows-amd64)
Heap:
 garbage-first heap   total 262144K, used 71815K [0x00000000e0000000, 0x0000000100000000)
  region size 1024K, 53 young (54272K), 20 survivors (20480K)
 Metaspace       used 52787K, capacity 54679K, committed 54988K, reserved 301056K
  class space    used 7251K, capacity 7875K, committed 7936K, reserved 253952K
GC Heap History (12 events):
Event: 1.561 GC heap before
{Heap before GC invocations=0 (full 0):
 garbage-first heap   total 262144K, used 18432K [0x00000000e0000000, 0x0000000100000000)
  region size 1024K, 13 young (13312K), 0 survivors (0K)
 Metaspace       used 1438K, capacity 5051K, committed 5120K, reserved 262144K
  class space    used 137K, capacity 512K, committed 512K, reserved 253952K
}
Event: 1.570 GC heap after
{Heap after GC invocations=1 (full 0):
 garbage-first heap   total 262144K, used 8365K [0x00000000e0000000, 0x0000000100000000)
  region size 1024K, 2 young (2048K), 2 survivors (2048K)
 Metaspace       used 1438K, capacity 5051K, committed 5120K, reserved 262144K
  class space    used 137K, capacity 512K, committed 512K, reserved 253952K
}
Event: 2.910 GC heap before
{Heap before GC invocations=1 (full 0):
 garbage-first heap   total 262144K, used 21677K [0x00000000e0000000, 0x0000000100000000)
  region size 1024K, 15 young (15360K), 2 survivors (2048K)
 Metaspace       used 4004K, capacity 6750K, committed 7040K, reserved 262144K
  class space    used 515K, capacity 803K, committed 896K, reserved 253952K
}
Event: 2.916 GC heap after
{Heap after GC invocations=2 (full 0):
 garbage-first heap   total 262144K, used 9396K [0x00000000e0000000, 0x0000000100000000)
  region size 1024K, 1 young (1024K), 1 survivors (1024K)
 Metaspace       used 4004K, capacity 6750K, committed 7040K, reserved 262144K
  class space    used 515K, capacity 803K, committed 896K, reserved 253952K
}
Event: 3.715 GC heap before
{Heap before GC invocations=2 (full 0):
 garbage-first heap   total 262144K, used 31924K [0x00000000e0000000, 0x0000000100000000)
  region size 1024K, 24 young (24576K), 1 survivors (1024K)
 Metaspace       used 4104K, capacity 6750K, committed 7040K, reserved 262144K
  class space    used 515K, capacity 803K, committed 896K, reserved 253952K
}
Event: 3.723 GC heap after
{Heap after GC invocations=3 (full 0):
 garbage-first heap   total 262144K, used 11646K [0x00000000e0000000, 0x0000000100000000)
  region size 1024K, 3 young (3072K), 3 survivors (3072K)
 Metaspace       used 4104K, capacity 6750K, committed 7040K, reserved 262144K
  class space    used 515K, capacity 803K, committed 896K, reserved 253952K
}
Event: 12.304 GC heap before
{Heap before GC invocations=3 (full 0):
 garbage-first heap   total 262144K, used 156030K [0x00000000e0000000, 0x0000000100000000)
  region size 1024K, 145 young (148480K), 3 survivors (3072K)
 Metaspace       used 20542K, capacity 21207K, committed 21248K, reserved 272384K
  class space    used 3089K, capacity 3309K, committed 3328K, reserved 253952K
}
Event: 12.336 GC heap after
{Heap after GC invocations=4 (full 0):
 garbage-first heap   total 262144K, used 19189K [0x00000000e0000000, 0x0000000100000000)
  region size 1024K, 11 young (11264K), 11 survivors (11264K)
 Metaspace       used 20542K, capacity 21207K, committed 21248K, reserved 272384K
  class space    used 3089K, capacity 3309K, committed 3328K, reserved 253952K
}
Event: 18.025 GC heap before
{Heap before GC invocations=5 (full 0):
 garbage-first heap   total 262144K, used 127733K [0x00000000e0000000, 0x0000000100000000)
  region size 1024K, 115 young (117760K), 11 survivors (11264K)
 Metaspace       used 34748K, capacity 35720K, committed 35840K, reserved 284672K
  class space    used 4842K, capacity 5182K, committed 5248K, reserved 253952K
}
Event: 18.058 GC heap after
{Heap after GC invocations=6 (full 0):
 garbage-first heap   total 262144K, used 26747K [0x00000000e0000000, 0x0000000100000000)
  region size 1024K, 17 young (17408K), 17 survivors (17408K)
 Metaspace       used 34748K, capacity 35720K, committed 35840K, reserved 284672K
  class space    used 4842K, capacity 5182K, committed 5248K, reserved 253952K
}
Event: 132.988 GC heap before
{Heap before GC invocations=7 (full 0):
 garbage-first heap   total 262144K, used 166011K [0x00000000e0000000, 0x0000000100000000)
  region size 1024K, 153 young (156672K), 17 survivors (17408K)
 Metaspace       used 51489K, capacity 53298K, committed 53580K, reserved 301056K
  class space    used 7144K, capacity 7746K, committed 7808K, reserved 253952K
}
Event: 133.057 GC heap after
{Heap after GC invocations=8 (full 0):
 garbage-first heap   total 262144K, used 39047K [0x00000000e0000000, 0x0000000100000000)
  region size 1024K, 20 young (20480K), 20 survivors (20480K)
 Metaspace       used 51489K, capacity 53298K, committed 53580K, reserved 301056K
  class space    used 7144K, capacity 7746K, committed 7808K, reserved 253952K
}

