# JRE version: Java(TM) SE Runtime Environment (14.0.1+7) (build 14.0.1+7)
# Java VM: Java HotSpot(TM) 64-Bit Server VM (14.0.1+7, mixed mode, sharing, tiered, compressed oops, g1 gc, windows-amd64)
Heap:
 garbage-first heap   total 262144K, used 135367K [0x00000000e0000000, 0x0000000100000000)
  region size 1024K, 126 young (129024K), 4 survivors (4096K)
 Metaspace       used 18757K, capacity 19469K, committed 19712K, reserved 272384K
  class space    used 2817K, capacity 3030K, committed 3072K, reserved 253952K
GC Heap History (6 events):
Event: 1.872 GC heap before
{Heap before GC invocations=0 (full 0):
 garbage-first heap   total 262144K, used 18432K [0x00000000e0000000, 0x0000000100000000)
  region size 1024K, 13 young (13312K), 0 survivors (0K)
 Metaspace       used 1442K, capacity 5051K, committed 5120K, reserved 262144K
  class space    used 137K, capacity 512K, committed 512K, reserved 253952K
}
Event: 1.907 GC heap after
{Heap after GC invocations=1 (full 0):
 garbage-first heap   total 262144K, used 7888K [0x00000000e0000000, 0x0000000100000000)
  region size 1024K, 2 young (2048K), 2 survivors (2048K)
 Metaspace       used 1442K, capacity 5051K, committed 5120K, reserved 262144K
  class space    used 137K, capacity 512K, committed 512K, reserved 253952K
}
Event: 4.007 GC heap before
{Heap before GC invocations=1 (full 0):
 garbage-first heap   total 262144K, used 21200K [0x00000000e0000000, 0x0000000100000000)
  region size 1024K, 15 young (15360K), 2 survivors (2048K)
 Metaspace       used 4036K, capacity 6750K, committed 7040K, reserved 262144K
  class space    used 515K, capacity 803K, committed 896K, reserved 253952K
}
Event: 4.012 GC heap after
{Heap after GC invocations=2 (full 0):
 garbage-first heap   total 262144K, used 9191K [0x00000000e0000000, 0x0000000100000000)
  region size 1024K, 2 young (2048K), 2 survivors (2048K)
 Metaspace       used 4036K, capacity 6750K, committed 7040K, reserved 262144K
  class space    used 515K, capacity 803K, committed 896K, reserved 253952K
}
Event: 4.799 GC heap before
{Heap before GC invocations=2 (full 0):
 garbage-first heap   total 262144K, used 31719K [0x00000000e0000000, 0x0000000100000000)
  region size 1024K, 25 young (25600K), 2 survivors (2048K)
 Metaspace       used 4137K, capacity 6750K, committed 7040K, reserved 262144K
  class space    used 515K, capacity 803K, committed 896K, reserved 253952K
}
Event: 4.804 GC heap after
{Heap after GC invocations=3 (full 0):
 garbage-first heap   total 262144K, used 11463K [0x00000000e0000000, 0x0000000100000000)
  region size 1024K, 4 young (4096K), 4 survivors (4096K)
 Metaspace       used 4137K, capacity 6750K, committed 7040K, reserved 262144K
  class space    used 515K, capacity 803K, committed 896K, reserved 253952K
}

